{"/home/beatrizzz/Documentos/projeto22-anhangabau/back/src/database.ts": {"path":"/home/beatrizzz/Documentos/projeto22-anhangabau/back/src/database.ts","statementMap":{"0":{"start":{"line":1,"column":0},"end":{"line":1,"column":33}},"1":{"start":{"line":3,"column":25},"end":{"line":3,"column":28}},"2":{"start":{"line":5,"column":13},"end":{"line":5,"column":41}}},"fnMap":{},"branchMap":{},"s":{"0":3,"1":3,"2":3},"f":{},"b":{}}
,"/home/beatrizzz/Documentos/projeto22-anhangabau/back/src/repositories/coordinatesRepository.ts": {"path":"/home/beatrizzz/Documentos/projeto22-anhangabau/back/src/repositories/coordinatesRepository.ts","statementMap":{"0":{"start":{"line":1,"column":0},"end":{"line":1,"column":37}},"1":{"start":{"line":5,"column":2},"end":{"line":5,"column":63}},"2":{"start":{"line":4,"column":0},"end":{"line":4,"column":22}},"3":{"start":{"line":9,"column":2},"end":{"line":16,"column":5}},"4":{"start":{"line":8,"column":0},"end":{"line":8,"column":22}},"5":{"start":{"line":20,"column":17},"end":{"line":20,"column":75}},"6":{"start":{"line":21,"column":2},"end":{"line":21,"column":16}},"7":{"start":{"line":19,"column":0},"end":{"line":19,"column":22}}},"fnMap":{"0":{"name":"insert","decl":{"start":{"line":4,"column":22},"end":{"line":4,"column":28}},"loc":{"start":{"line":4,"column":61},"end":{"line":6,"column":null}}},"1":{"name":"find","decl":{"start":{"line":8,"column":22},"end":{"line":8,"column":26}},"loc":{"start":{"line":8,"column":26},"end":{"line":17,"column":null}}},"2":{"name":"findByStreet","decl":{"start":{"line":19,"column":22},"end":{"line":19,"column":34}},"loc":{"start":{"line":19,"column":51},"end":{"line":22,"column":null}}}},"branchMap":{},"s":{"0":1,"1":0,"2":1,"3":0,"4":1,"5":0,"6":0,"7":1},"f":{"0":0,"1":0,"2":0},"b":{}}
,"/home/beatrizzz/Documentos/projeto22-anhangabau/back/src/repositories/streetRepository.ts": {"path":"/home/beatrizzz/Documentos/projeto22-anhangabau/back/src/repositories/streetRepository.ts","statementMap":{"0":{"start":{"line":1,"column":0},"end":{"line":1,"column":37}},"1":{"start":{"line":5,"column":2},"end":{"line":5,"column":68}},"2":{"start":{"line":4,"column":0},"end":{"line":4,"column":22}},"3":{"start":{"line":9,"column":2},"end":{"line":9,"column":40}},"4":{"start":{"line":8,"column":0},"end":{"line":8,"column":22}},"5":{"start":{"line":13,"column":2},"end":{"line":13,"column":72}},"6":{"start":{"line":12,"column":0},"end":{"line":12,"column":22}},"7":{"start":{"line":17,"column":2},"end":{"line":17,"column":54}},"8":{"start":{"line":16,"column":0},"end":{"line":16,"column":22}}},"fnMap":{"0":{"name":"validStreet","decl":{"start":{"line":4,"column":22},"end":{"line":4,"column":33}},"loc":{"start":{"line":4,"column":50},"end":{"line":6,"column":null}}},"1":{"name":"getStreets","decl":{"start":{"line":8,"column":22},"end":{"line":8,"column":32}},"loc":{"start":{"line":8,"column":32},"end":{"line":10,"column":null}}},"2":{"name":"findByName","decl":{"start":{"line":12,"column":22},"end":{"line":12,"column":32}},"loc":{"start":{"line":12,"column":51},"end":{"line":14,"column":null}}},"3":{"name":"insert","decl":{"start":{"line":16,"column":22},"end":{"line":16,"column":28}},"loc":{"start":{"line":16,"column":51},"end":{"line":18,"column":null}}}},"branchMap":{},"s":{"0":2,"1":0,"2":2,"3":0,"4":2,"5":0,"6":2,"7":0,"8":2},"f":{"0":0,"1":0,"2":0,"3":0},"b":{}}
,"/home/beatrizzz/Documentos/projeto22-anhangabau/back/src/repositories/userRepository.ts": {"path":"/home/beatrizzz/Documentos/projeto22-anhangabau/back/src/repositories/userRepository.ts","statementMap":{"0":{"start":{"line":1,"column":0},"end":{"line":1,"column":37}},"1":{"start":{"line":5,"column":2},"end":{"line":5,"column":64}},"2":{"start":{"line":4,"column":0},"end":{"line":4,"column":22}},"3":{"start":{"line":9,"column":2},"end":{"line":9,"column":50}},"4":{"start":{"line":8,"column":0},"end":{"line":8,"column":22}},"5":{"start":{"line":13,"column":2},"end":{"line":13,"column":59}},"6":{"start":{"line":12,"column":0},"end":{"line":12,"column":22}}},"fnMap":{"0":{"name":"validUser","decl":{"start":{"line":4,"column":22},"end":{"line":4,"column":31}},"loc":{"start":{"line":4,"column":46},"end":{"line":6,"column":null}}},"1":{"name":"insert","decl":{"start":{"line":8,"column":22},"end":{"line":8,"column":28}},"loc":{"start":{"line":8,"column":47},"end":{"line":10,"column":null}}},"2":{"name":"findByEmail","decl":{"start":{"line":12,"column":22},"end":{"line":12,"column":33}},"loc":{"start":{"line":12,"column":47},"end":{"line":14,"column":null}}}},"branchMap":{},"s":{"0":1,"1":0,"2":1,"3":0,"4":1,"5":0,"6":1},"f":{"0":0,"1":0,"2":0},"b":{}}
,"/home/beatrizzz/Documentos/projeto22-anhangabau/back/src/services/coordinatesService.ts": {"path":"/home/beatrizzz/Documentos/projeto22-anhangabau/back/src/services/coordinatesService.ts","statementMap":{"0":{"start":{"line":1,"column":0},"end":{"line":1,"column":73}},"1":{"start":{"line":2,"column":0},"end":{"line":2,"column":64}},"2":{"start":{"line":9,"column":22},"end":{"line":9,"column":62}},"3":{"start":{"line":10,"column":2},"end":{"line":12,"column":null}},"4":{"start":{"line":11,"column":4},"end":{"line":11,"column":62}},"5":{"start":{"line":13,"column":25},"end":{"line":17,"column":4}},"6":{"start":{"line":18,"column":2},"end":{"line":18,"column":47}},"7":{"start":{"line":5,"column":0},"end":{"line":5,"column":22}},"8":{"start":{"line":22,"column":17},"end":{"line":22,"column":45}},"9":{"start":{"line":23,"column":2},"end":{"line":23,"column":16}},"10":{"start":{"line":21,"column":0},"end":{"line":21,"column":22}}},"fnMap":{"0":{"name":"insert","decl":{"start":{"line":5,"column":22},"end":{"line":5,"column":28}},"loc":{"start":{"line":7,"column":20},"end":{"line":19,"column":null}}},"1":{"name":"find","decl":{"start":{"line":21,"column":22},"end":{"line":21,"column":26}},"loc":{"start":{"line":21,"column":26},"end":{"line":24,"column":null}}}},"branchMap":{"0":{"loc":{"start":{"line":10,"column":2},"end":{"line":12,"column":null}},"type":"if","locations":[{"start":{"line":10,"column":2},"end":{"line":12,"column":null}}]}},"s":{"0":1,"1":1,"2":2,"3":2,"4":1,"5":1,"6":1,"7":1,"8":1,"9":1,"10":1},"f":{"0":2,"1":1},"b":{"0":[1]}}
,"/home/beatrizzz/Documentos/projeto22-anhangabau/back/src/services/streetService.ts": {"path":"/home/beatrizzz/Documentos/projeto22-anhangabau/back/src/services/streetService.ts","statementMap":{"0":{"start":{"line":1,"column":0},"end":{"line":1,"column":63}},"1":{"start":{"line":5,"column":17},"end":{"line":5,"column":46}},"2":{"start":{"line":6,"column":2},"end":{"line":6,"column":16}},"3":{"start":{"line":4,"column":0},"end":{"line":4,"column":22}},"4":{"start":{"line":10,"column":22},"end":{"line":10,"column":62}},"5":{"start":{"line":11,"column":2},"end":{"line":16,"column":null}},"6":{"start":{"line":12,"column":4},"end":{"line":15,"column":6}},"7":{"start":{"line":17,"column":2},"end":{"line":17,"column":34}},"8":{"start":{"line":9,"column":0},"end":{"line":9,"column":22}}},"fnMap":{"0":{"name":"getStreets","decl":{"start":{"line":4,"column":22},"end":{"line":4,"column":32}},"loc":{"start":{"line":4,"column":32},"end":{"line":7,"column":null}}},"1":{"name":"insert","decl":{"start":{"line":9,"column":22},"end":{"line":9,"column":28}},"loc":{"start":{"line":9,"column":51},"end":{"line":18,"column":null}}}},"branchMap":{"0":{"loc":{"start":{"line":11,"column":2},"end":{"line":16,"column":null}},"type":"if","locations":[{"start":{"line":11,"column":2},"end":{"line":16,"column":null}}]}},"s":{"0":1,"1":1,"2":1,"3":1,"4":2,"5":2,"6":1,"7":1,"8":1},"f":{"0":1,"1":2},"b":{"0":[1]}}
,"/home/beatrizzz/Documentos/projeto22-anhangabau/back/src/services/userService.ts": {"path":"/home/beatrizzz/Documentos/projeto22-anhangabau/back/src/services/userService.ts","statementMap":{"0":{"start":{"line":1,"column":0},"end":{"line":1,"column":59}},"1":{"start":{"line":2,"column":0},"end":{"line":2,"column":28}},"2":{"start":{"line":3,"column":0},"end":{"line":3,"column":31}},"3":{"start":{"line":4,"column":0},"end":{"line":4,"column":28}},"4":{"start":{"line":7,"column":0},"end":{"line":7,"column":16}},"5":{"start":{"line":10,"column":23},"end":{"line":10,"column":56}},"6":{"start":{"line":11,"column":2},"end":{"line":13,"column":null}},"7":{"start":{"line":12,"column":4},"end":{"line":12,"column":73}},"8":{"start":{"line":9,"column":0},"end":{"line":9,"column":22}},"9":{"start":{"line":17,"column":2},"end":{"line":17,"column":36}},"10":{"start":{"line":18,"column":28},"end":{"line":18,"column":62}},"11":{"start":{"line":19,"column":15},"end":{"line":19,"column":58}},"12":{"start":{"line":20,"column":2},"end":{"line":20,"column":33}},"13":{"start":{"line":16,"column":0},"end":{"line":16,"column":22}},"14":{"start":{"line":24,"column":20},"end":{"line":24,"column":58}},"15":{"start":{"line":25,"column":2},"end":{"line":27,"column":null}},"16":{"start":{"line":26,"column":4},"end":{"line":26,"column":76}},"17":{"start":{"line":28,"column":25},"end":{"line":28,"column":78}},"18":{"start":{"line":29,"column":2},"end":{"line":31,"column":null}},"19":{"start":{"line":30,"column":4},"end":{"line":30,"column":76}},"20":{"start":{"line":32,"column":2},"end":{"line":32,"column":19}},"21":{"start":{"line":23,"column":0},"end":{"line":23,"column":22}},"22":{"start":{"line":36,"column":20},"end":{"line":36,"column":43}},"23":{"start":{"line":37,"column":21},"end":{"line":37,"column":43}},"24":{"start":{"line":38,"column":16},"end":{"line":40,"column":null}},"25":{"start":{"line":42,"column":2},"end":{"line":42,"column":15}},"26":{"start":{"line":35,"column":0},"end":{"line":35,"column":22}}},"fnMap":{"0":{"name":"emailValidation","decl":{"start":{"line":9,"column":22},"end":{"line":9,"column":37}},"loc":{"start":{"line":9,"column":51},"end":{"line":14,"column":null}}},"1":{"name":"insert","decl":{"start":{"line":16,"column":22},"end":{"line":16,"column":28}},"loc":{"start":{"line":16,"column":47},"end":{"line":21,"column":null}}},"2":{"name":"isUserValid","decl":{"start":{"line":23,"column":22},"end":{"line":23,"column":33}},"loc":{"start":{"line":23,"column":52},"end":{"line":33,"column":null}}},"3":{"name":"login","decl":{"start":{"line":35,"column":22},"end":{"line":35,"column":27}},"loc":{"start":{"line":35,"column":46},"end":{"line":43,"column":null}}}},"branchMap":{"0":{"loc":{"start":{"line":11,"column":2},"end":{"line":13,"column":null}},"type":"if","locations":[{"start":{"line":11,"column":2},"end":{"line":13,"column":null}}]},"1":{"loc":{"start":{"line":25,"column":2},"end":{"line":27,"column":null}},"type":"if","locations":[{"start":{"line":25,"column":2},"end":{"line":27,"column":null}}]},"2":{"loc":{"start":{"line":29,"column":2},"end":{"line":31,"column":null}},"type":"if","locations":[{"start":{"line":29,"column":2},"end":{"line":31,"column":null}}]}},"s":{"0":1,"1":1,"2":1,"3":1,"4":1,"5":2,"6":2,"7":1,"8":1,"9":2,"10":1,"11":1,"12":1,"13":1,"14":1,"15":1,"16":1,"17":0,"18":0,"19":0,"20":0,"21":1,"22":1,"23":0,"24":0,"25":0,"26":1},"f":{"0":2,"1":2,"2":1,"3":1},"b":{"0":[1],"1":[1],"2":[0]}}
,"/home/beatrizzz/Documentos/projeto22-anhangabau/back/tests/factories/coordinatesFactory.ts": {"path":"/home/beatrizzz/Documentos/projeto22-anhangabau/back/tests/factories/coordinatesFactory.ts","statementMap":{"0":{"start":{"line":1,"column":0},"end":{"line":1,"column":40}},"1":{"start":{"line":4,"column":2},"end":{"line":8,"column":4}},"2":{"start":{"line":3,"column":0},"end":{"line":3,"column":22}},"3":{"start":{"line":12,"column":2},"end":{"line":16,"column":4}},"4":{"start":{"line":11,"column":0},"end":{"line":11,"column":22}},"5":{"start":{"line":20,"column":2},"end":{"line":24,"column":4}},"6":{"start":{"line":19,"column":0},"end":{"line":19,"column":22}}},"fnMap":{"0":{"name":"createCoordinate","decl":{"start":{"line":3,"column":22},"end":{"line":3,"column":38}},"loc":{"start":{"line":3,"column":38},"end":{"line":9,"column":null}}},"1":{"name":"createIncorrectCoordinate","decl":{"start":{"line":11,"column":22},"end":{"line":11,"column":47}},"loc":{"start":{"line":11,"column":47},"end":{"line":17,"column":null}}},"2":{"name":"wrongBodyCoordinate","decl":{"start":{"line":19,"column":22},"end":{"line":19,"column":41}},"loc":{"start":{"line":19,"column":41},"end":{"line":25,"column":null}}}},"branchMap":{},"s":{"0":1,"1":2,"2":1,"3":0,"4":1,"5":0,"6":1},"f":{"0":2,"1":0,"2":0},"b":{}}
,"/home/beatrizzz/Documentos/projeto22-anhangabau/back/tests/factories/streetFactory.ts": {"path":"/home/beatrizzz/Documentos/projeto22-anhangabau/back/tests/factories/streetFactory.ts","statementMap":{"0":{"start":{"line":1,"column":0},"end":{"line":1,"column":40}},"1":{"start":{"line":4,"column":2},"end":{"line":6,"column":4}},"2":{"start":{"line":3,"column":0},"end":{"line":3,"column":22}},"3":{"start":{"line":10,"column":2},"end":{"line":12,"column":4}},"4":{"start":{"line":9,"column":0},"end":{"line":9,"column":22}}},"fnMap":{"0":{"name":"createStreet","decl":{"start":{"line":3,"column":22},"end":{"line":3,"column":34}},"loc":{"start":{"line":3,"column":34},"end":{"line":7,"column":null}}},"1":{"name":"createIncorrectStreet","decl":{"start":{"line":9,"column":22},"end":{"line":9,"column":43}},"loc":{"start":{"line":9,"column":43},"end":{"line":13,"column":null}}}},"branchMap":{},"s":{"0":1,"1":1,"2":1,"3":0,"4":1},"f":{"0":1,"1":0},"b":{}}
,"/home/beatrizzz/Documentos/projeto22-anhangabau/back/tests/factories/userFactory.ts": {"path":"/home/beatrizzz/Documentos/projeto22-anhangabau/back/tests/factories/userFactory.ts","statementMap":{"0":{"start":{"line":1,"column":0},"end":{"line":1,"column":40}},"1":{"start":{"line":2,"column":0},"end":{"line":2,"column":44}},"2":{"start":{"line":3,"column":0},"end":{"line":3,"column":28}},"3":{"start":{"line":5,"column":0},"end":{"line":5,"column":31}},"4":{"start":{"line":6,"column":0},"end":{"line":6,"column":28}},"5":{"start":{"line":8,"column":0},"end":{"line":8,"column":16}},"6":{"start":{"line":13,"column":15},"end":{"line":17,"column":4}},"7":{"start":{"line":19,"column":2},"end":{"line":25,"column":null}},"8":{"start":{"line":20,"column":30},"end":{"line":20,"column":64}},"9":{"start":{"line":21,"column":31},"end":{"line":23,"column":6}},"10":{"start":{"line":24,"column":4},"end":{"line":24,"column":40}},"11":{"start":{"line":27,"column":2},"end":{"line":27,"column":14}},"12":{"start":{"line":10,"column":0},"end":{"line":10,"column":22}},"13":{"start":{"line":31,"column":15},"end":{"line":31,"column":50}},"14":{"start":{"line":32,"column":21},"end":{"line":32,"column":43}},"15":{"start":{"line":33,"column":16},"end":{"line":33,"column":69}},"16":{"start":{"line":34,"column":2},"end":{"line":34,"column":15}},"17":{"start":{"line":30,"column":0},"end":{"line":30,"column":22}},"18":{"start":{"line":42,"column":21},"end":{"line":42,"column":78}},"19":{"start":{"line":43,"column":2},"end":{"line":43,"column":16}},"20":{"start":{"line":41,"column":0},"end":{"line":41,"column":22}}},"fnMap":{"0":{"name":"createUser","decl":{"start":{"line":10,"column":22},"end":{"line":10,"column":32}},"loc":{"start":{"line":12,"column":1},"end":{"line":28,"column":null}}},"1":{"name":"createToken","decl":{"start":{"line":30,"column":22},"end":{"line":30,"column":33}},"loc":{"start":{"line":30,"column":33},"end":{"line":35,"column":null}}},"2":{"name":"getUserId","decl":{"start":{"line":41,"column":22},"end":{"line":41,"column":31}},"loc":{"start":{"line":41,"column":45},"end":{"line":44,"column":null}}}},"branchMap":{"0":{"loc":{"start":{"line":11,"column":2},"end":{"line":11,"column":17}},"type":"default-arg","locations":[{"start":{"line":11,"column":12},"end":{"line":11,"column":17}}]},"1":{"loc":{"start":{"line":19,"column":2},"end":{"line":25,"column":null}},"type":"if","locations":[{"start":{"line":19,"column":2},"end":{"line":25,"column":null}}]}},"s":{"0":1,"1":1,"2":1,"3":1,"4":1,"5":1,"6":1,"7":1,"8":0,"9":0,"10":0,"11":1,"12":1,"13":0,"14":0,"15":0,"16":0,"17":1,"18":0,"19":0,"20":1},"f":{"0":1,"1":0,"2":0},"b":{"0":[1],"1":[0]}}
}
