TN:
SF:src/database.ts
FNF:0
FNH:0
DA:1,2
DA:3,2
DA:5,2
LF:3
LH:3
BRF:0
BRH:0
end_of_record
TN:
SF:src/repositories/coordinatesRepository.ts
FN:4,insert
FN:8,find
FN:19,findByStreet
FNF:3
FNH:0
FNDA:0,insert
FNDA:0,find
FNDA:0,findByStreet
DA:1,1
DA:4,1
DA:5,0
DA:8,1
DA:9,0
DA:19,1
DA:20,0
DA:21,0
LF:8
LH:4
BRF:0
BRH:0
end_of_record
TN:
SF:src/repositories/streetRepository.ts
FN:4,validStreet
FN:8,getStreets
FN:12,findByName
FN:16,insert
FNF:4
FNH:0
FNDA:0,validStreet
FNDA:0,getStreets
FNDA:0,findByName
FNDA:0,insert
DA:1,2
DA:4,2
DA:5,0
DA:8,2
DA:9,0
DA:12,2
DA:13,0
DA:16,2
DA:17,0
LF:9
LH:5
BRF:0
BRH:0
end_of_record
TN:
SF:src/services/coordinatesService.ts
FN:5,insert
FN:21,find
FNF:2
FNH:2
FNDA:2,insert
FNDA:1,find
DA:1,1
DA:2,1
DA:5,1
DA:9,2
DA:10,2
DA:11,1
DA:13,1
DA:18,1
DA:21,1
DA:22,1
DA:23,1
LF:11
LH:11
BRDA:10,0,0,1
BRF:1
BRH:1
end_of_record
TN:
SF:src/services/streetService.ts
FN:4,getStreets
FN:9,insert
FNF:2
FNH:2
FNDA:1,getStreets
FNDA:2,insert
DA:1,1
DA:4,1
DA:5,1
DA:6,1
DA:9,1
DA:10,2
DA:11,2
DA:12,1
DA:17,1
LF:9
LH:9
BRDA:11,0,0,1
BRF:1
BRH:1
end_of_record
TN:
SF:tests/factories/coordinatesFactory.ts
FN:3,createCoordinate
FN:11,createIncorrectCoordinate
FN:19,wrongBodyCoordinate
FNF:3
FNH:1
FNDA:2,createCoordinate
FNDA:0,createIncorrectCoordinate
FNDA:0,wrongBodyCoordinate
DA:1,1
DA:3,1
DA:4,2
DA:11,1
DA:12,0
DA:19,1
DA:20,0
LF:7
LH:5
BRF:0
BRH:0
end_of_record
TN:
SF:tests/factories/streetFactory.ts
FN:3,createStreet
FN:9,createIncorrectStreet
FNF:2
FNH:1
FNDA:1,createStreet
FNDA:0,createIncorrectStreet
DA:1,1
DA:3,1
DA:4,1
DA:9,1
DA:10,0
LF:5
LH:4
BRF:0
BRH:0
end_of_record
